154:-1::-1
160:-1::-1
230:-1::-1
270:-1::-1
263:1:V3 W7:-1
272:-1::-1
322:1:V2 V3 W72:-1
382:-1::-1
388:-1::-1
379:-1::-1
406:0:S2 W1:8
436:-1::-1
414:0:V3 W90:8
423:-1::-1
384:-1::-1
413:0:V3 W1:6
417:-1::-1
420:-1::-1
447:-1::-1
547:-1::-1
448:-1::-1
624:-1::-1
583:1:V2 W3:-1
584:-1::-1
580:0:S2 W1:8
629:-1::-1
616:1:V3 W2:-1
672:-1::-1
663:1:V2 W1:-1
785:-1::-1
747:-1::-1
751:-1::-1
764:-1::-1
807:-1::-1
813:1:V3 W1:-1
827:-1::-1
836:-1::-1
793:0:V2 W24:8
798:0:V2 W1:6
838:-1::-1
889:-1::-1
799:1:V2 W3:-1
982:-1::-1
857:-1::-1
840:-1::-1
841:-1::-1
989:-1::-1
990:-1::-1
920:-1::-1
1228:-1::-1
1229:-1::-1
1071:0:V2 W3:6
1069:-1::-1
1164:1:V3 W1:-1
1414:-1::-1
1387:-1::-1
1209:-1::-1
1262:-1::-1
1072:-1::-1
1436:-1::-1
1473:-1::-1
1394:-1::-1
1247:-1::-1
1437:-1::-1
1234:0:V2 W1:6
1583:-1::-1
1664:-1::-1
1244:0:V2 W1:8
1663:-1::-1
1670:-1::-1
1676:-1::-1
1678:-1::-1
1836:-1::-1
1690:-1::-1
1841:-1::-1
1838:-1::-1
1848:-1::-1
1917:-1::-1
2124:-1::-1
1918:-1::-1
1919:-1::-1
2049:-1::-1
1943:-1::-1
1947:-1::-1
2152:-1::-1
2153:-1::-1
2129:-1::-1
2144:-1::-1
2342:-1::-1
2542:-1::-1
2555:-1::-1
2558:-1::-1
2568:-1::-1
2583:-1::-1
2585:-1::-1
2580:-1::-1
2588:-1::-1
2908:-1::-1
2644:-1::-1
2591:-1::-1
2909:-1::-1
2735:-1::-1
2898:-1::-1
2977:-1::-1
2914:-1::-1
2917:-1::-1
2980:-1::-1
2920:-1::-1
2985:-1::-1
2986:-1::-1
2996:-1::-1
3024:-1::-1
3028:-1::-1
3027:-1::-1
3031:-1::-1
3030:-1::-1
3032:-1::-1
3045:-1::-1
3038:-1::-1
3129:-1::-1
3044:-1::-1
3052:-1::-1
3125:-1::-1
3127:-1::-1
3128:-1::-1
3179:-1::-1
3184:-1::-1
3177:-1::-1
3186:-1::-1
3182:-1::-1
3202:-1::-1
3214:-1::-1
3222:-1::-1
3224:-1::-1
3244:-1::-1
3220:-1::-1
3228:-1::-1
3240:-1::-1
3315:-1::-1
3308:-1::-1
3329:-1::-1
3263:-1::-1
3380:-1::-1
3341:-1::-1
3344:-1::-1
3346:-1::-1
3356:-1::-1
3358:-1::-1
3367:-1::-1
3390:-1::-1
3417:-1::-1
3409:-1::-1
3423:-1::-1
3448:-1::-1
3468:-1::-1
3503:-1::-1
3501:-1::-1
3521:-1::-1
3525:-1::-1
3527:-1::-1
3504:-1::-1
3529:-1::-1
3528:-1::-1
3533:-1::-1
3530:-1::-1
3543:-1::-1
3538:-1::-1
3549:-1::-1
3540:-1::-1
3539:-1::-1
3548:-1::-1
3560:-1::-1
3578:-1::-1
3561:-1::-1
3580:-1::-1
3565:-1::-1
3569:-1::-1
3600:-1::-1
3587:-1::-1
3598:-1::-1
3601:-1::-1
3609:-1::-1
3658:-1::-1
3663:-1::-1
3673:-1::-1
3679:-1::-1
3680:-1::-1
3677:-1::-1
3682:-1::-1
3686:-1::-1
3735:-1::-1
3689:-1::-1
3751:-1::-1
3694:-1::-1
3780:-1::-1
3824:-1::-1
3776:-1::-1
3817:-1::-1
3806:-1::-1
3812:-1::-1
3831:-1::-1
3850:-1::-1
3859:-1::-1
3847:-1::-1
3866:-1::-1
3865:-1::-1
3885:-1::-1
3896:-1::-1
3887:-1::-1
3902:-1::-1
3890:-1::-1
3892:-1::-1
3895:-1::-1
3919:-1::-1
3908:-1::-1
3909:-1::-1
3954:-1::-1
3904:-1::-1
3912:-1::-1
3957:-1::-1
3970:-1::-1
3947:-1::-1
3969:-1::-1
3977:-1::-1
3979:-1::-1
3985:-1::-1
3980:-1::-1
3981:-1::-1
3982:-1::-1
3983:-1::-1
3984:-1::-1
4128:-1::-1
4129:-1::-1
4151:-1::-1
4140:-1::-1
4148:-1::-1
4190:-1::-1
4196:-1::-1
4030:1:V3 W45:-1
4143:-1::-1
4197:-1::-1
4346:-1::-1
4356:-1::-1
4441:-1::-1
4472:-1::-1
4528:-1::-1
4529:-1::-1
4762:-1::-1
4691:-1::-1
4672:-1::-1
4766:-1::-1
4763:-1::-1
4769:-1::-1
4596:-1::-1
4607:0:V3 W1:8
4619:-1::-1
4610:0:V3 W1:8
4829:-1::-1
4882:-1::-1
4622:-1::-1
4820:-1::-1
4618:-1::-1
4623:-1::-1
4595:1:V3 W2:-1
4879:-1::-1
4611:0:V3 W1:8
4620:1:V3 W18:-1
4626:1:V3 W1:-1
4615:1:V3 W2:-1
4621:1:V3 W45:-1
4617:1:V3 W45:-1
4967:-1::-1
5017:-1::-1
5024:-1::-1
5023:-1::-1
5027:-1::-1
5031:-1::-1
5033:-1::-1
5102:-1::-1
5109:-1::-1
5112:-1::-1
5151:-1::-1
4929:-1::-1
4919:-1::-1
4994:-1::-1
4917:1:V3 W22:-1
4995:-1::-1
4990:-1::-1
4991:-1::-1
4997:-1::-1
5226:-1::-1
5001:-1::-1
5275:-1::-1
4926:1:V3 W2:-1
5309:-1::-1
5313:-1::-1
5315:-1::-1
5324:-1::-1
5329:-1::-1
5335:-1::-1
5342:-1::-1
5355:-1::-1
5366:-1::-1
5372:-1::-1
5370:-1::-1
5373:-1::-1
5374:-1::-1
5375:-1::-1
5477:-1::-1
5416:-1::-1
5488:-1::-1
5510:-1::-1
5495:-1::-1
5506:-1::-1
5537:-1::-1
4998:1:V3 W1:-1
5541:-1::-1
5602:-1::-1
5635:-1::-1
5639:-1::-1
5184:-1::-1
5654:-1::-1
5672:-1::-1
5670:-1::-1
5674:-1::-1
5675:-1::-1
5188:-1::-1
5678:-1::-1
5751:-1::-1
5752:-1::-1
5772:-1::-1
5788:-1::-1
5805:-1::-1
5810:-1::-1
5804:1:V3 W1:-1
5812:-1::-1
5820:-1::-1
5824:-1::-1
5811:1:V3 W35:-1
5865:-1::-1
5866:-1::-1
5869:-1::-1
5875:-1::-1
5923:-1::-1
5816:-1::-1
5928:-1::-1
5934:-1::-1
6007:-1::-1
6014:-1::-1
6041:-1::-1
6058:-1::-1
6070:-1::-1
6090:-1::-1
6099:-1::-1
4993:1:V3 W18:-1
6112:-1::-1
6115:-1::-1
6122:-1::-1
6130:-1::-1
4987:1:V3 W2:-1
6211:-1::-1
4989:1:V3 W45:-1
6215:-1::-1
6216:-1::-1
6241:-1::-1
6232:-1::-1
6247:-1::-1
6249:-1::-1
6252:-1::-1
6274:-1::-1
6273:-1::-1
6275:-1::-1
6398:-1::-1
6154:-1::-1
6400:-1::-1
6413:-1::-1
6414:-1::-1
6426:-1::-1
6165:-1::-1
6575:-1::-1
6522:-1::-1
6489:-1::-1
6548:-1::-1
6583:-1::-1
6448:0:S2 W1:8
6451:1:V2 W3:-1
6452:1:V2 W80:-1
6645:-1::-1
6616:-1::-1
6648:-1::-1
6640:-1::-1
6675:-1::-1
6652:-1::-1
6653:-1::-1
6786:-1::-1
6683:0:V2 W1:8
6789:-1::-1
6791:-1::-1
6792:-1::-1
6793:-1::-1
6685:1:V2 W3:-1
6684:0:V2 W15:8
6835:-1::-1
6843:-1::-1
6826:-1::-1
6819:-1::-1
6821:-1::-1
6866:-1::-1
6867:-1::-1
6904:-1::-1
6868:-1::-1
6931:-1::-1
6869:-1::-1
6937:-1::-1
7013:-1::-1
7035:-1::-1
7046:-1::-1
6896:0:V2 W1:6
7054:-1::-1
7060:-1::-1
6153:0:V3 W1:8
6897:1:V2 W56:-1
7064:-1::-1
7065:-1::-1
6898:0:V2 W120:8
7130:1:V2 W1:-1
7163:-1::-1
7176:-1::-1
7177:-1::-1
7179:-1::-1
7182:-1::-1
7245:-1::-1
7231:1:V2 W112:-1
7296:-1::-1
7304:-1::-1
7311:-1::-1
7315:-1::-1
7409:-1::-1
7317:-1::-1
7422:-1::-1
7445:-1::-1
7430:-1::-1
7449:-1::-1
7453:-1::-1
5133:1:V3 W34:-1
7469:0:V2 W1:10
7463:0:V2 W1:10
7471:0:V2 W1:8
7510:-1::-1
7529:-1::-1
7460:1:V2 W56:-1
7470:1:V2 W56:-1
7538:-1::-1
7532:-1::-1
7549:-1::-1
7551:-1::-1
7609:0:V3 W1:6
7611:-1::-1
7616:1:V3 W11:-1
7619:-1::-1
7652:-1::-1
7759:-1::-1
7803:-1::-1
7810:-1::-1
7894:-1::-1
7896:-1::-1
7474:1:V2 W1:-1
7948:-1::-1
7950:-1::-1
7951:-1::-1
7953:-1::-1
7926:1:V3 W18:-1
5124:1:V3 W34:-1
7932:1:V3 W2:-1
7958:-1::-1
7923:1:V3 W90:-1
7969:-1::-1
7971:-1::-1
7989:-1::-1
7991:-1::-1
8032:-1::-1
7983:0:V3 W1:8
8039:-1::-1
8050:-1::-1
8054:-1::-1
8056:-1::-1
8077:-1::-1
8084:-1::-1
7992:0:V3 W1:8
8193:-1::-1
8170:-1::-1
7987:1:V3 W18:-1
8323:-1::-1
8340:-1::-1
8341:-1::-1
8345:-1::-1
8361:-1::-1
8348:-1::-1
8362:-1::-1
8363:-1::-1
8364:-1::-1
8380:-1::-1
8408:-1::-1
8414:-1::-1
7996:-1::-1
8456:-1::-1
6204:-1::-1
8459:-1::-1
7014:1:V2 W1:-1
8460:-1::-1
8469:-1::-1
8478:-1::-1
8388:1:V3 W18:-1
8495:-1::-1
8496:-1::-1
8501:-1::-1
8387:1:V3 W18:-1
8505:-1::-1
8545:0:V2 W33:8
8546:0:V2 W33:6
8558:-1::-1
8604:-1::-1
8549:1:V2 W11:-1
8641:-1::-1
8645:-1::-1
8711:-1::-1
8723:-1::-1
8771:-1::-1
8695:-1::-1
8734:-1::-1
8740:-1::-1
8784:-1::-1
8785:-1::-1
8868:-1::-1
8842:1:V3 W1:-1
8839:1:V3 W34:-1
8873:-1::-1
8877:-1::-1
8914:-1::-1
8922:-1::-1
8923:-1::-1
8924:-1::-1
8931:-1::-1
8936:-1::-1
8937:-1::-1
8942:-1::-1
8944:-1::-1
8946:-1::-1
8948:-1::-1
8965:-1::-1
8966:-1::-1
8983:-1::-1
8987:-1::-1
8988:-1::-1
9003:-1::-1
9017:-1::-1
9020:-1::-1
9023:-1::-1
9036:-1::-1
9037:-1::-1
9039:-1::-1
9042:-1::-1
9115:-1::-1
9163:0:S2 W1:8
9165:1:V2 W56:-1
9173:1:V3 W45:-1
9183:-1::-1
9175:-1::-1
8451:-1::-1
9244:1:V2 W1:-1
9225:-1::-1
9027:1:V3 W1:-1
9253:0:V3 W1:8
9256:-1::-1
8766:0:V2 W1:6
9255:1:V3 W45:-1
9261:-1::-1
7038:0:V2 W1:8
9325:-1::-1
9298:0:V2 W1:6
9326:-1::-1
9362:-1::-1
9299:0:V2 W1:8
9392:-1::-1
9390:-1::-1
9407:-1::-1
9309:0:V2 W1:6
9457:-1::-1
9450:-1::-1
9454:-1::-1
9458:-1::-1
9459:-1::-1
9464:-1::-1
9487:-1::-1
9503:-1::-1
9548:-1::-1
9679:-1::-1
9617:1:V2 W24:-1
9684:-1::-1
9690:-1::-1
9706:-1::-1
9752:-1::-1
9753:-1::-1
9698:-1::-1
9755:-1::-1
9760:-1::-1
9771:-1::-1
9813:-1::-1
9816:-1::-1
9815:1:V3 W23:-1
9817:1:V3 W1:-1
9876:-1::-1
9841:-1::-1
9882:-1::-1
9887:-1::-1
9888:-1::-1
9894:-1::-1
9927:-1::-1
9949:-1::-1
9963:0:V2 W408:6
9964:-1::-1
8773:0:V2 W1:8
10112:-1::-1
10114:-1::-1
10117:-1::-1
10121:-1::-1
10013:0:V2 W1:12
10122:-1::-1
10132:-1::-1
10146:1:V3 W11:-1
10149:1:V3 W1:-1
10236:-1::-1
10238:-1::-1
10259:0:V2 W1:6
10270:-1::-1
10272:-1::-1
10274:-1::-1
10295:-1::-1
10362:1:V3 W2:-1
10185:1:V3 W1:-1
10408:-1::-1
10421:-1::-1
10423:-1::-1
10453:-1::-1
9756:-1::-1
10454:-1::-1
10457:-1::-1
10458:-1::-1
10502:-1::-1
10504:-1::-1
10501:-1::-1
10505:-1::-1
10513:-1::-1
10551:-1::-1
10552:-1::-1
10554:-1::-1
10556:-1::-1
10603:-1::-1
10619:-1::-1
10620:-1::-1
10627:-1::-1
10634:-1::-1
10689:-1::-1
10721:-1::-1
10729:-1::-1
10712:1:V2 W1:-1
10778:-1::-1
10803:-1::-1
10810:-1::-1
10785:1:V3 W2:-1
10869:-1::-1
10859:-1::-1
10880:-1::-1
10882:-1::-1
10888:-1::-1
10893:-1::-1
10886:0:V2 W1:10
10925:-1::-1
10189:0:V2 W1:10
10966:-1::-1
10993:-1::-1
11014:-1::-1
10944:-1::-1
11024:-1::-1
11073:-1::-1
11075:-1::-1
11108:-1::-1
9893:0:V3 W1:8
11072:-1::-1
11124:-1::-1
11127:-1::-1
11243:-1::-1
11257:-1::-1
11258:-1::-1
11261:-1::-1
11262:-1::-1
11268:-1::-1
11239:0:V2 W1:6
11329:-1::-1
11286:-1::-1
11331:-1::-1
11461:-1::-1
11443:-1::-1
11280:1:V3 W1:-1
11462:-1::-1
11482:-1::-1
11589:-1::-1
11590:-1::-1
11424:0:V2 W1:6
11648:-1::-1
11698:-1::-1
11700:-1::-1
11709:-1::-1
11710:-1::-1
11715:-1::-1
11504:0:V3 W1:8
11719:-1::-1
11722:-1::-1
11730:-1::-1
11740:-1::-1
11776:-1::-1
11695:-1::-1
11788:-1::-1
11814:-1::-1
11795:-1::-1
11837:-1::-1
11848:-1::-1
11840:-1::-1
11904:-1::-1
12001:-1::-1
12026:-1::-1
12024:-1::-1
12186:-1::-1
12195:-1::-1
12201:-1::-1
12212:-1::-1
12234:-1::-1
12294:-1::-1
12296:-1::-1
12369:-1::-1
12373:-1::-1
12379:-1::-1
12458:-1::-1
12430:-1::-1
12460:-1::-1
12464:-1::-1
12462:-1::-1
12740:-1::-1
12792:-1::-1
12894:-1::-1
12901:-1::-1
12899:-1::-1
12902:-1::-1
12905:-1::-1
12919:-1::-1
12931:-1::-1
12936:-1::-1
12950:-1::-1
12959:-1::-1
13024:-1::-1
13029:-1::-1
13031:-1::-1
13040:-1::-1
13052:-1::-1
13113:-1::-1
13066:-1::-1
13116:-1::-1
13395:-1::-1
13398:-1::-1
13421:-1::-1
13437:-1::-1
13468:-1::-1
7042:0:V2 W1:6
13477:-1::-1
13496:-1::-1
13497:-1::-1
13578:-1::-1
13589:-1::-1
13608:-1::-1
13614:-1::-1
13629:-1::-1
13658:-1::-1
13687:-1::-1
13664:-1::-1
13736:-1::-1
13750:-1::-1
13756:-1::-1
13892:-1::-1
13972:-1::-1
13977:-1::-1
13979:-1::-1
13982:-1::-1
13980:-1::-1
13988:-1::-1
13995:-1::-1
13991:-1::-1
13998:-1::-1
14001:-1::-1
14004:-1::-1
14009:-1::-1
14024:-1::-1
14027:-1::-1
14033:-1::-1
14069:-1::-1
14148:-1::-1
14166:-1::-1
14167:-1::-1
14230:-1::-1
14276:-1::-1
14233:-1::-1
14280:-1::-1
14286:-1::-1
14290:-1::-1
14387:-1::-1
14394:-1::-1
14411:-1::-1
14464:-1::-1
14469:-1::-1
14476:-1::-1
14547:-1::-1
14564:-1::-1
14579:-1::-1
14603:-1::-1
14605:-1::-1
14748:-1::-1
14772:-1::-1
14809:-1::-1
14960:-1::-1
15012:-1::-1
15019:-1::-1
15031:-1::-1
15032:-1::-1
15088:-1::-1
15038:-1::-1
15041:-1::-1
15089:-1::-1
15144:-1::-1
15151:-1::-1
15160:-1::-1
15157:-1::-1
15162:-1::-1
15241:-1::-1
15244:-1::-1
15250:-1::-1
15246:-1::-1
7541:0:V2 W1:6
15253:-1::-1
15255:-1::-1
15260:-1::-1
15257:-1::-1
15261:-1::-1
15460:-1::-1
15412:-1::-1
15462:-1::-1
15464:-1::-1
15466:-1::-1
15569:-1::-1
15600:-1::-1
15606:-1::-1
15607:-1::-1
15611:-1::-1
15613:-1::-1
15616:-1::-1
15630:-1::-1
15710:-1::-1
15723:-1::-1
15732:-1::-1
15789:-1::-1
15794:-1::-1
15817:-1::-1
15842:-1::-1
15851:-1::-1
15859:-1::-1
15861:-1::-1
15866:-1::-1
15932:-1::-1
15923:-1::-1
15939:-1::-1
15943:-1::-1
15947:-1::-1
15951:-1::-1
15949:-1::-1
15952:-1::-1
16027:-1::-1
16057:-1::-1
16132:-1::-1
16058:-1::-1
16138:-1::-1
16144:-1::-1
16145:-1::-1
16220:-1::-1
16223:-1::-1
16251:-1::-1
16274:-1::-1
16323:-1::-1
16326:-1::-1
16328:-1::-1
16335:-1::-1
16350:-1::-1
16420:-1::-1
16427:-1::-1
16421:-1::-1
16431:-1::-1
16433:-1::-1
16437:-1::-1
16442:-1::-1
16513:-1::-1
9316:0:V3 W1:8
16532:-1::-1
16576:-1::-1
16638:-1::-1
16659:-1::-1
16723:-1::-1
16763:-1::-1
16824:-1::-1
16840:-1::-1
16836:-1::-1
16856:-1::-1
16849:-1::-1
16866:-1::-1
16860:-1::-1
16861:-1::-1
16877:-1::-1
16879:-1::-1
16990:-1::-1
16948:-1::-1
17126:-1::-1
17131:-1::-1
17084:-1::-1
17135:-1::-1
17185:-1::-1
17182:-1::-1
17177:-1::-1
17190:-1::-1
17242:-1::-1
17248:-1::-1
17254:-1::-1
17259:-1::-1
17397:-1::-1
17380:-1::-1
17311:-1::-1
17401:-1::-1
17403:-1::-1
17409:-1::-1
17455:-1::-1
17471:-1::-1
17476:-1::-1
17500:-1::-1
17483:-1::-1
17517:-1::-1
17562:-1::-1
17599:-1::-1
17593:-1::-1
17601:-1::-1
17604:-1::-1
17606:-1::-1
17635:-1::-1
17691:-1::-1
17607:-1::-1
17727:-1::-1
17707:-1::-1
17757:-1::-1
17771:-1::-1
17789:-1::-1
17839:-1::-1
17853:-1::-1
17857:-1::-1
17861:-1::-1
17939:-1::-1
17890:-1::-1
17955:-1::-1
17960:-1::-1
17972:-1::-1
17994:-1::-1
18032:-1::-1
18054:-1::-1
18092:-1::-1
18117:-1::-1
18150:-1::-1
18128:-1::-1
18204:-1::-1
18207:-1::-1
18215:-1::-1
18261:-1::-1
18269:-1::-1
18296:-1::-1
18299:-1::-1
18308:-1::-1
18281:-1::-1
18309:-1::-1
18311:-1::-1
18364:-1::-1
18313:-1::-1
5180:1:V3 W45:-1
5183:1:V3 W45:-1
5179:1:V3 W18:-1
5189:-1::-1
9322:0:V2 W1:12
5248:-1::-1
7051:0:V2 W1:6
8075:0:V3 W1:10
5312:0:V3 W1:6
7056:0:V2 W1:10
5346:-1::-1
5359:0:V3 W1:10
15528:0:V3 W1:6
15954:0:V3 W1:8